<?xml version="1.0" encoding="UTF-8"?>
<!-- Generated by org.testng.reporters.JUnitReportReporter -->
<testsuite hostname="DESKTOP-4TLSS8T" failures="0" tests="2" name="tests.Tests" time="45.769" errors="0" timestamp="2022-02-16T18:46:33 UYT" skipped="0">
  <testcase classname="tests.Tests" name="pruebaUno" time="17.041"/>
  <system-out/>
  <testcase classname="tests.Tests" name="pruebaDos" time="28.728"/>
  <system-out/>
</testsuite> <!-- tests.Tests -->
